This is pdfTeX, Version 3.14159-1.10b (Web2C 7.4.5) (format=pdflatex 2004.4.4)  5 APR 2004 22:20
**book_outline.tex
(./book_outline.tex{/usr/local/share/texmf/pdftex/config/pdftex.cfg}
LaTeX2e <2001/06/01>
Babel <v3.7h> and hyphenation patterns for american, french, german, ngerman, n
ohyphenation, loaded.
(/usr/local/share/texmf/tex/latex/book.cls
Document Class: book 2001/04/21 v1.4e Standard LaTeX document class
(/usr/local/share/texmf/tex/latex/bk10.clo
File: bk10.clo 2001/04/21 v1.4e Standard LaTeX file (size option)
)
\c@part=\count79
\c@chapter=\count80
\c@section=\count81
\c@subsection=\count82
\c@subsubsection=\count83
\c@paragraph=\count84
\c@subparagraph=\count85
\c@figure=\count86
\c@table=\count87
\abovecaptionskip=\skip41
\belowcaptionskip=\skip42
\bibindent=\dimen102
)
(/usr/local/share/texmf/tex/latex/fancyhdr/fancyhdr.sty
\headwidth=\dimen103
)
(/usr/local/share/texmf/tex/latex/flafter.sty
Package: flafter 2000/07/23 v1.2i Standard LaTeX floats after reference (FMi)
)
(/usr/local/share/texmf/tex/latex/makeidx.sty
Package: makeidx 2000/03/29 v1.0m Standard LaTeX package
)
(/usr/local/share/texmf/tex/latex/misc/float.sty
Package: float 2001/11/08 v1.3d Float enhancements (AL)
\c@float@type=\count88
\float@exts=\toks14
\float@box=\box26
\@float@everytoks=\toks15
\@floatcapt=\box27
)
(/usr/local/share/texmf/tex/latex/times.sty
Package: times 2002/09/08 PSNFSS-v9.0a (SPQR) 
)
(/usr/local/share/texmf/tex/latex/fontenc.sty
Package: fontenc 2001/06/05 v1.94 Standard LaTeX package

(/usr/local/share/texmf/tex/latex/t1enc.def
File: t1enc.def 2001/06/05 v1.94 Standard LaTeX file
LaTeX Font Info:    Redeclaring font encoding T1 on input line 38.
))
(/usr/local/share/texmf/tex/latex/graphicx.sty
Package: graphicx 1999/02/16 v1.0f Enhanced LaTeX Graphics (DPC,SPQR)

(/usr/local/share/texmf/tex/latex/keyval.sty
Package: keyval 1999/03/16 v1.13 key=value parser (DPC)
\KV@toks@=\toks16
)
(/usr/local/share/texmf/tex/latex/graphics.sty
Package: graphics 2001/07/07 v1.0n Standard LaTeX Graphics (DPC,SPQR)

(/usr/local/share/texmf/tex/latex/trig.sty
Package: trig 1999/03/16 v1.09 sin cos tan (DPC)
)
(/usr/local/share/texmf/tex/latex/graphics.cfg)
Package graphics Info: Driver file: dvips.def on input line 80.

(/usr/local/share/texmf/tex/latex/dvips.def
File: dvips.def 1999/02/16 v3.0i Driver-dependant file (DPC,SPQR)
))
\Gin@req@height=\dimen104
\Gin@req@width=\dimen105
)
(/usr/local/share/texmf/tex/latex/fancyvrb/fancyvrb.sty
Package: fancyvrb 2000/03/21

Style option: `fancyvrb' v2.7, with DG/SPQR fixes <2000/03/21> (tvz)
\FV@CodeLineNo=\count89
\FV@InFile=\read1
\FV@TabBox=\box28
\c@FancyVerbLine=\count90
\FV@StepNumber=\count91
\FV@OutFile=\write3
)
(/usr/local/share/texmf/tex/latex/listings/listings.sty
Package: listings 2002/04/01 1.0 (Carsten Heinz)
\lst@mode=\count92
\lst@gtempboxa=\box29
\lst@token=\toks17
\lst@length=\count93
\lst@currlwidth=\dimen106
\lst@column=\count94
\lst@pos=\count95
\lst@lostspace=\dimen107
\lst@width=\dimen108
\lst@newlines=\count96
\lst@lineno=\count97
\c@lstlisting=\count98
\lst@maxwidth=\dimen109

(/usr/local/share/texmf/tex/latex/listings/lstpatch.sty
File: lstpatch.sty 2002/10/13 1.0i (Carsten Heinz)
)
(/usr/local/share/texmf/tex/latex/listings/lstmisc.sty
File: lstmisc.sty 2002/04/01 1.0 (Carsten Heinz)
\c@lstnumber=\count99
\lst@skipnumbers=\count100
\lst@framebox=\box30
)
(/usr/local/share/texmf/tex/latex/listings/listings.cfg
File: listings.cfg 2002/04/01 v1.0 listings configuration
))
(/usr/local/share/texmf/tex/latex/varioref.sty
Package: varioref 2001/09/04 v1.3c package for extended references (FMi)
\c@vrcnt=\count101
) (./ods.sty
(/usr/local/share/texmf/tex/latex/misc/geometry.sty
Package: geometry 2002/07/08 v3.2 Page Geometry
\Gm@cnth=\count102
\Gm@cntv=\count103
\c@Gm@tempcnt=\count104
\Gm@bindingoffset=\dimen110
\Gm@wd@mp=\dimen111
\Gm@odd@mp=\dimen112
\Gm@even@mp=\dimen113
\Gm@dimlist=\toks18

(/usr/local/share/texmf/tex/latex/config/geometry.cfg
File: geometry.cfg 2001/06/05 v1.0 teTeX (uncustomised setup)
))
(/usr/local/share/texmf/tex/latex/longtable.sty
Package: longtable 2000/10/22 v4.10 Multi-page Table package (DPC)
\LTleft=\skip43
\LTright=\skip44
\LTpre=\skip45
\LTpost=\skip46
\LTchunksize=\count105
\LTcapwidth=\dimen114
\LT@head=\box31
\LT@firsthead=\box32
\LT@foot=\box33
\LT@lastfoot=\box34
\LT@cols=\count106
\LT@rows=\count107
\c@LT@tables=\count108
\c@LT@chunks=\count109
\LT@p@ftn=\toks19
)
(/usr/local/share/texmf/tex/latex/array.sty
Package: array 1998/05/13 v2.3m Tabular extension package (FMi)
\col@sep=\dimen115
\extrarowheight=\dimen116
\NC@list=\toks20
\extratabsurround=\skip47
\backup@length=\skip48
)
(/usr/local/share/texmf/tex/latex/hyperref/hyperref.sty
Package: hyperref 2003/01/22 v6.73n Hypertext links for LaTeX
\@linkdim=\dimen117
\Hy@linkcounter=\count110
\Hy@pagecounter=\count111

(/usr/local/share/texmf/tex/latex/hyperref/pd1enc.def
File: pd1enc.def 2003/01/22 v6.73n Hyperref: PDFDocEncoding definition (HO)
)
(/usr/local/share/texmf/tex/latex/config/hyperref.cfg
File: hyperref.cfg 2002/06/06 v1.2 hyperref configuration of TeXLive and teTeX
)
Package hyperref Info: Hyper figures OFF on input line 1792.
Package hyperref Info: Link nesting OFF on input line 1797.
Package hyperref Info: Hyper index ON on input line 1800.
Package hyperref Info: Plain pages ON on input line 1805.
Package hyperref Info: Backreferencing OFF on input line 1812.

Implicit mode ON; LaTeX internals redefined
Package hyperref Info: Bookmarks ON on input line 1916.
(/usr/local/share/texmf/tex/latex/misc/url.sty
\Urlmuskip=\muskip10
Package: url 1999/03/28  ver 1.5x  Verb mode for urls, etc.
)
LaTeX Info: Redefining \url on input line 2055.
\Fld@menulength=\count112
\Field@Width=\dimen118
\Fld@charsize=\dimen119
\Choice@toks=\toks21
\Field@toks=\toks22
Package hyperref Info: Hyper figures OFF on input line 2513.
Package hyperref Info: Link nesting OFF on input line 2518.
Package hyperref Info: Hyper index ON on input line 2521.
Package hyperref Info: backreferencing OFF on input line 2528.
Package hyperref Info: Link coloring OFF on input line 2533.
\c@Item=\count113
\c@Hfootnote=\count114
)
*hyperref using default driver hpdftex*
(/usr/local/share/texmf/tex/latex/hyperref/hpdftex.def
File: hpdftex.def 2003/01/22 v6.73n Hyperref driver for pdfTeX

(/usr/local/share/texmf/tex/latex/pifont.sty
Package: pifont 2002/09/08 PSNFSS-v9.0a Pi font support (SPQR) 
LaTeX Font Info:    Try loading font information for U+pzd on input line 62.

(/usr/local/share/texmf/tex/latex/psnfss/upzd.fd
File: upzd.fd 2001/06/04 font definitions for U/pzd.
)
LaTeX Font Info:    Try loading font information for U+psy on input line 63.

(/usr/local/share/texmf/tex/latex/psnfss/upsy.fd
File: upsy.fd 2001/06/04 font definitions for U/psy.
))
\Fld@listcount=\count115
\@outlinefile=\write4
)
\notewidth=\skip49

(/usr/local/share/texmf/tex/latex/carlisle/colortbl.sty
Package: colortbl 1999/03/24 v0.1i Color table columns (DPC)

(/usr/local/share/texmf/tex/latex/color.sty
Package: color 1999/02/16 v1.0i Standard LaTeX Color (DPC)

(/usr/local/share/texmf/tex/latex/color.cfg)
Package color Info: Driver file: pdftex.def on input line 125.

(/usr/local/share/texmf/tex/latex/pdftex.def
File: pdftex.def 2002/06/19 v0.03k graphics/color for pdftex
\Gread@gobject=\count116
)
(/usr/local/share/texmf/tex/latex/dvipsnam.def
File: dvipsnam.def 1999/02/16 v3.0i Driver-dependant file (DPC,SPQR)
))
\everycr=\toks23
\minrowclearance=\skip50
)
\c@sastarget=\count117
) (./book_outline.aux)
\openout1 = `book_outline.aux'.

LaTeX Font Info:    Checking defaults for OML/cmm/m/it on input line 12.
LaTeX Font Info:    ... okay on input line 12.
LaTeX Font Info:    Checking defaults for T1/cmr/m/n on input line 12.
LaTeX Font Info:    ... okay on input line 12.
LaTeX Font Info:    Checking defaults for OT1/cmr/m/n on input line 12.
LaTeX Font Info:    ... okay on input line 12.
LaTeX Font Info:    Checking defaults for OMS/cmsy/m/n on input line 12.
LaTeX Font Info:    ... okay on input line 12.
LaTeX Font Info:    Checking defaults for OMX/cmex/m/n on input line 12.
LaTeX Font Info:    ... okay on input line 12.
LaTeX Font Info:    Checking defaults for U/cmr/m/n on input line 12.
LaTeX Font Info:    ... okay on input line 12.
LaTeX Font Info:    Checking defaults for PD1/pdf/m/n on input line 12.
LaTeX Font Info:    ... okay on input line 12.
LaTeX Font Info:    Try loading font information for T1+ptm on input line 12.

(/usr/local/share/texmf/tex/latex/psnfss/t1ptm.fd
File: t1ptm.fd 2001/06/04 font definitions for T1/ptm.
)
-------------------- Geometry parameters
paper: class default
landscape: --
twocolumn: --
twoside: true
asymmetric: --
h-parts: 73.71613pt, 0.7\paperwidth , 110.57425pt (default)
v-parts: 95.39737pt, 0.7\paperheight , 143.09605pt (default)
hmarginratio: 2:3
vmarginratio: 2:3
lines: --
heightrounded: --
bindingoffset: 0.0pt
truedimen: --
includehead: --
includefoot: --
includemp: --
driver: pdftex
-------------------- Page layout dimensions and switches
\paperwidth  614.295pt
\paperheight 794.96999pt
\textwidth  430.00462pt
\textheight 556.47656pt
\oddsidemargin  1.44614pt
\evensidemargin 38.30426pt
\topmargin  -6.94011pt
\headheight 12.0pt
\headsep    18.06749pt
\footskip   25.29494pt
\marginparwidth 125.0pt
\marginparsep   7.0pt
\columnsep  10.0pt
\skip\footins  9.0pt plus 4.0pt minus 2.0pt
\hoffset 0.0pt
\voffset 0.0pt
\mag 1000
\@twosidetrue \@mparswitchtrue 
(1in=72.27pt, 1cm=28.45pt)
-----------------------
Package hyperref Info: Link coloring OFF on input line 12.

(/usr/local/share/texmf/tex/latex/hyperref/nameref.sty
Package: nameref 2001/01/27 v2.19 Cross-referencing by name of section
\c@section@level=\count118
)
LaTeX Info: Redefining \ref on input line 12.
LaTeX Info: Redefining \pageref on input line 12.
 (./book_outline.out)
(./book_outline.out)
\openout4 = `book_outline.out'.

 (/usr/local/share/texmf/tex/context/base/supp-pdf.tex
(/usr/local/share/texmf/tex/context/base/supp-mis.tex
loading : Context Support Macros / Missing
\protectiondepth=\count119
\scratchcounter=\count120
\scratchtoks=\toks24
\scratchdimen=\dimen120
\scratchskip=\skip51
\scratchmuskip=\muskip11
\scratchbox=\box35
\scratchread=\read2
\scratchwrite=\write5
\zeropoint=\dimen121
\minusone=\count121
\thousandpoint=\dimen122
\emptytoks=\toks25
\nextbox=\box36
\nextdepth=\dimen123
\everyline=\toks26
\!!counta=\count122
\!!countb=\count123
\recursecounter=\count124
)
loading : Context Support Macros / PDF
\nofMPsegments=\count125
\nofMParguments=\count126
\everyMPtoPDFconversion=\toks27
)
LaTeX Font Info:    External font `cmex10' loaded for size
(Font)              <12> on input line 29.
LaTeX Font Info:    External font `cmex10' loaded for size
(Font)              <8> on input line 29.
LaTeX Font Info:    External font `cmex10' loaded for size
(Font)              <6> on input line 29.
 [1



{/usr/local/share/texmf/dvips/config/pdftex.map}] [2

]
! pdfTeX warning (ext4): destination with the same identifier (name{page.1}) ha
s been already used, duplicate ignored
<to be read again> 
                   \penalty 
l.38 \tableofcontents
                      [1

]
! pdfTeX warning (ext4): destination with the same identifier (name{page.2}) ha
s been already used, duplicate ignored
<to be read again> 
                   \penalty 
l.38 \tableofcontents
                      [2

]
LaTeX Font Info:    Font shape `T1/ptm/bx/n' in size <24.88> not available
(Font)              Font shape `T1/ptm/b/n' tried instead on input line 38.
 (./book_outline.toc
LaTeX Font Info:    Font shape `T1/ptm/bx/n' in size <12> not available
(Font)              Font shape `T1/ptm/b/n' tried instead on input line 1.
LaTeX Font Info:    Font shape `T1/ptm/bx/n' in size <10> not available
(Font)              Font shape `T1/ptm/b/n' tried instead on input line 2.
LaTeX Font Info:    External font `cmex10' loaded for size
(Font)              <7> on input line 3.
LaTeX Font Info:    External font `cmex10' loaded for size
(Font)              <5> on input line 3.
 [3] [4] [5] [6] [7] [8] [9])
\tf@toc=\write6
\openout6 = `book_outline.toc'.


[10] (./book_outline.aux) ) 
Here is how much of TeX's memory you used:
 5618 strings out of 95437
 76105 string characters out of 1190057
 138216 words of memory out of 1000001
 8239 multiletter control sequences out of 10000+50000
 31557 words of font info for 43 fonts, out of 500000 for 1000
 14 hyphenation exceptions out of 1000
 38i,12n,43p,246b,375s stack positions out of 1500i,500n,5000p,200000b,5000s
 660 PDF objects out of 300000
 311 named destinations out of 131072
 16 words of extra memory for PDF output out of 65536

! pdfTeX warning (dest): name{appendix*.16} has been referenced but does not ex
ist, replaced by a fixed one

! pdfTeX warning (dest): name{subsection..7.6} has been referenced but does not
 exist, replaced by a fixed one

! pdfTeX warning (dest): name{subsection..7.5} has been referenced but does not
 exist, replaced by a fixed one

! pdfTeX warning (dest): name{subsection..7.4} has been referenced but does not
 exist, replaced by a fixed one

! pdfTeX warning (dest): name{subsection..7.3} has been referenced but does not
 exist, replaced by a fixed one

! pdfTeX warning (dest): name{subsection..7.2} has been referenced but does not
 exist, replaced by a fixed one

! pdfTeX warning (dest): name{subsection..7.1} has been referenced but does not
 exist, replaced by a fixed one

! pdfTeX warning (dest): name{section..7} has been referenced but does not exis
t, replaced by a fixed one

! pdfTeX warning (dest): name{subsection..6.11} has been referenced but does no
t exist, replaced by a fixed one

! pdfTeX warning (dest): name{subsection..6.10} has been referenced but does no
t exist, replaced by a fixed one

! pdfTeX warning (dest): name{subsection..6.9} has been referenced but does not
 exist, replaced by a fixed one

! pdfTeX warning (dest): name{subsection..6.8} has been referenced but does not
 exist, replaced by a fixed one

! pdfTeX warning (dest): name{subsection..6.7} has been referenced but does not
 exist, replaced by a fixed one

! pdfTeX warning (dest): name{subsection..6.6} has been referenced but does not
 exist, replaced by a fixed one

! pdfTeX warning (dest): name{subsection..6.5} has been referenced but does not
 exist, replaced by a fixed one

! pdfTeX warning (dest): name{subsection..6.4} has been referenced but does not
 exist, replaced by a fixed one

! pdfTeX warning (dest): name{subsection..6.3} has been referenced but does not
 exist, replaced by a fixed one

! pdfTeX warning (dest): name{subsection..6.2} has been referenced but does not
 exist, replaced by a fixed one

! pdfTeX warning (dest): name{subsection..6.1} has been referenced but does not
 exist, replaced by a fixed one

! pdfTeX warning (dest): name{section..6} has been referenced but does not exis
t, replaced by a fixed one

! pdfTeX warning (dest): name{appendix*.15} has been referenced but does not ex
ist, replaced by a fixed one

! pdfTeX warning (dest): name{section..5} has been referenced but does not exis
t, replaced by a fixed one

! pdfTeX warning (dest): name{section..4} has been referenced but does not exis
t, replaced by a fixed one

! pdfTeX warning (dest): name{section..3} has been referenced but does not exis
t, replaced by a fixed one

! pdfTeX warning (dest): name{section..2} has been referenced but does not exis
t, replaced by a fixed one

! pdfTeX warning (dest): name{section..1} has been referenced but does not exis
t, replaced by a fixed one

! pdfTeX warning (dest): name{appendix*.14} has been referenced but does not ex
ist, replaced by a fixed one

! pdfTeX warning (dest): name{part.6} has been referenced but does not exist, r
eplaced by a fixed one

! pdfTeX warning (dest): name{section.23.4} has been referenced but does not ex
ist, replaced by a fixed one

! pdfTeX warning (dest): name{section.23.3} has been referenced but does not ex
ist, replaced by a fixed one

! pdfTeX warning (dest): name{subsection.23.2.1} has been referenced but does n
ot exist, replaced by a fixed one

! pdfTeX warning (dest): name{section.23.2} has been referenced but does not ex
ist, replaced by a fixed one

! pdfTeX warning (dest): name{section.23.1} has been referenced but does not ex
ist, replaced by a fixed one

! pdfTeX warning (dest): name{chapter.23} has been referenced but does not exis
t, replaced by a fixed one

! pdfTeX warning (dest): name{section.22.6} has been referenced but does not ex
ist, replaced by a fixed one

! pdfTeX warning (dest): name{section.22.5} has been referenced but does not ex
ist, replaced by a fixed one

! pdfTeX warning (dest): name{section.22.4} has been referenced but does not ex
ist, replaced by a fixed one

! pdfTeX warning (dest): name{subsection.22.3.3} has been referenced but does n
ot exist, replaced by a fixed one

! pdfTeX warning (dest): name{subsection.22.3.2} has been referenced but does n
ot exist, replaced by a fixed one

! pdfTeX warning (dest): name{subsection.22.3.1} has been referenced but does n
ot exist, replaced by a fixed one

! pdfTeX warning (dest): name{section.22.3} has been referenced but does not ex
ist, replaced by a fixed one

! pdfTeX warning (dest): name{section.22.2} has been referenced but does not ex
ist, replaced by a fixed one

! pdfTeX warning (dest): name{section.22.1} has been referenced but does not ex
ist, replaced by a fixed one

! pdfTeX warning (dest): name{chapter.22} has been referenced but does not exis
t, replaced by a fixed one

! pdfTeX warning (dest): name{section.21.8} has been referenced but does not ex
ist, replaced by a fixed one

! pdfTeX warning (dest): name{section.21.7} has been referenced but does not ex
ist, replaced by a fixed one

! pdfTeX warning (dest): name{section.21.6} has been referenced but does not ex
ist, replaced by a fixed one

! pdfTeX warning (dest): name{section.21.5} has been referenced but does not ex
ist, replaced by a fixed one

! pdfTeX warning (dest): name{section.21.4} has been referenced but does not ex
ist, replaced by a fixed one

! pdfTeX warning (dest): name{section.21.3} has been referenced but does not ex
ist, replaced by a fixed one

! pdfTeX warning (dest): name{section.21.2} has been referenced but does not ex
ist, replaced by a fixed one

! pdfTeX warning (dest): name{subsection.21.1.4} has been referenced but does n
ot exist, replaced by a fixed one

! pdfTeX warning (dest): name{subsection.21.1.3} has been referenced but does n
ot exist, replaced by a fixed one

! pdfTeX warning (dest): name{subsection.21.1.2} has been referenced but does n
ot exist, replaced by a fixed one

! pdfTeX warning (dest): name{subsection.21.1.1} has been referenced but does n
ot exist, replaced by a fixed one

! pdfTeX warning (dest): name{section.21.1} has been referenced but does not ex
ist, replaced by a fixed one

! pdfTeX warning (dest): name{chapter.21} has been referenced but does not exis
t, replaced by a fixed one

! pdfTeX warning (dest): name{section.20.6} has been referenced but does not ex
ist, replaced by a fixed one

! pdfTeX warning (dest): name{subsection.20.5.3} has been referenced but does n
ot exist, replaced by a fixed one

! pdfTeX warning (dest): name{subsection.20.5.2} has been referenced but does n
ot exist, replaced by a fixed one

! pdfTeX warning (dest): name{subsection.20.5.1} has been referenced but does n
ot exist, replaced by a fixed one

! pdfTeX warning (dest): name{section.20.5} has been referenced but does not ex
ist, replaced by a fixed one

! pdfTeX warning (dest): name{section.20.4} has been referenced but does not ex
ist, replaced by a fixed one

! pdfTeX warning (dest): name{subsection.20.3.3} has been referenced but does n
ot exist, replaced by a fixed one

! pdfTeX warning (dest): name{subsection.20.3.2} has been referenced but does n
ot exist, replaced by a fixed one

! pdfTeX warning (dest): name{subsection.20.3.1} has been referenced but does n
ot exist, replaced by a fixed one

! pdfTeX warning (dest): name{section.20.3} has been referenced but does not ex
ist, replaced by a fixed one

! pdfTeX warning (dest): name{subsection.20.2.3} has been referenced but does n
ot exist, replaced by a fixed one

! pdfTeX warning (dest): name{subsection.20.2.2} has been referenced but does n
ot exist, replaced by a fixed one

! pdfTeX warning (dest): name{subsection.20.2.1} has been referenced but does n
ot exist, replaced by a fixed one

! pdfTeX warning (dest): name{section.20.2} has been referenced but does not ex
ist, replaced by a fixed one

! pdfTeX warning (dest): name{subsection.20.1.1} has been referenced but does n
ot exist, replaced by a fixed one

! pdfTeX warning (dest): name{section.20.1} has been referenced but does not ex
ist, replaced by a fixed one

! pdfTeX warning (dest): name{chapter.20} has been referenced but does not exis
t, replaced by a fixed one

! pdfTeX warning (dest): name{section.19.4} has been referenced but does not ex
ist, replaced by a fixed one

! pdfTeX warning (dest): name{section.19.3} has been referenced but does not ex
ist, replaced by a fixed one

! pdfTeX warning (dest): name{subsection.19.2.2} has been referenced but does n
ot exist, replaced by a fixed one

! pdfTeX warning (dest): name{subsection.19.2.1} has been referenced but does n
ot exist, replaced by a fixed one

! pdfTeX warning (dest): name{section.19.2} has been referenced but does not ex
ist, replaced by a fixed one

! pdfTeX warning (dest): name{subsection.19.1.1} has been referenced but does n
ot exist, replaced by a fixed one

! pdfTeX warning (dest): name{section.19.1} has been referenced but does not ex
ist, replaced by a fixed one

! pdfTeX warning (dest): name{chapter.19} has been referenced but does not exis
t, replaced by a fixed one

! pdfTeX warning (dest): name{part.5} has been referenced but does not exist, r
eplaced by a fixed one

! pdfTeX warning (dest): name{section.18.5} has been referenced but does not ex
ist, replaced by a fixed one

! pdfTeX warning (dest): name{section.18.4} has been referenced but does not ex
ist, replaced by a fixed one

! pdfTeX warning (dest): name{section.18.3} has been referenced but does not ex
ist, replaced by a fixed one

! pdfTeX warning (dest): name{section.18.2} has been referenced but does not ex
ist, replaced by a fixed one

! pdfTeX warning (dest): name{section.18.1} has been referenced but does not ex
ist, replaced by a fixed one

! pdfTeX warning (dest): name{chapter.18} has been referenced but does not exis
t, replaced by a fixed one

! pdfTeX warning (dest): name{section.17.4} has been referenced but does not ex
ist, replaced by a fixed one

! pdfTeX warning (dest): name{subsection.17.3.3} has been referenced but does n
ot exist, replaced by a fixed one

! pdfTeX warning (dest): name{subsection.17.3.2} has been referenced but does n
ot exist, replaced by a fixed one

! pdfTeX warning (dest): name{subsection.17.3.1} has been referenced but does n
ot exist, replaced by a fixed one

! pdfTeX warning (dest): name{section.17.3} has been referenced but does not ex
ist, replaced by a fixed one

! pdfTeX warning (dest): name{subsection.17.2.2} has been referenced but does n
ot exist, replaced by a fixed one

! pdfTeX warning (dest): name{subsection.17.2.1} has been referenced but does n
ot exist, replaced by a fixed one

! pdfTeX warning (dest): name{section.17.2} has been referenced but does not ex
ist, replaced by a fixed one

! pdfTeX warning (dest): name{subsection.17.1.3} has been referenced but does n
ot exist, replaced by a fixed one

! pdfTeX warning (dest): name{subsection.17.1.2} has been referenced but does n
ot exist, replaced by a fixed one

! pdfTeX warning (dest): name{subsection.17.1.1} has been referenced but does n
ot exist, replaced by a fixed one

! pdfTeX warning (dest): name{section.17.1} has been referenced but does not ex
ist, replaced by a fixed one

! pdfTeX warning (dest): name{chapter.17} has been referenced but does not exis
t, replaced by a fixed one

! pdfTeX warning (dest): name{section.16.3} has been referenced but does not ex
ist, replaced by a fixed one

! pdfTeX warning (dest): name{subsection.16.2.5} has been referenced but does n
ot exist, replaced by a fixed one

! pdfTeX warning (dest): name{subsection.16.2.4} has been referenced but does n
ot exist, replaced by a fixed one

! pdfTeX warning (dest): name{subsection.16.2.3} has been referenced but does n
ot exist, replaced by a fixed one

! pdfTeX warning (dest): name{subsection.16.2.2} has been referenced but does n
ot exist, replaced by a fixed one

! pdfTeX warning (dest): name{subsection.16.2.1} has been referenced but does n
ot exist, replaced by a fixed one

! pdfTeX warning (dest): name{section.16.2} has been referenced but does not ex
ist, replaced by a fixed one

! pdfTeX warning (dest): name{subsection.16.1.7} has been referenced but does n
ot exist, replaced by a fixed one

! pdfTeX warning (dest): name{subsection.16.1.6} has been referenced but does n
ot exist, replaced by a fixed one

! pdfTeX warning (dest): name{subsection.16.1.5} has been referenced but does n
ot exist, replaced by a fixed one

! pdfTeX warning (dest): name{subsection.16.1.4} has been referenced but does n
ot exist, replaced by a fixed one

! pdfTeX warning (dest): name{subsection.16.1.3} has been referenced but does n
ot exist, replaced by a fixed one

! pdfTeX warning (dest): name{subsection.16.1.2} has been referenced but does n
ot exist, replaced by a fixed one

! pdfTeX warning (dest): name{subsection.16.1.1} has been referenced but does n
ot exist, replaced by a fixed one

! pdfTeX warning (dest): name{section.16.1} has been referenced but does not ex
ist, replaced by a fixed one

! pdfTeX warning (dest): name{chapter.16} has been referenced but does not exis
t, replaced by a fixed one

! pdfTeX warning (dest): name{section.15.5} has been referenced but does not ex
ist, replaced by a fixed one

! pdfTeX warning (dest): name{subsection.15.4.1} has been referenced but does n
ot exist, replaced by a fixed one

! pdfTeX warning (dest): name{section.15.4} has been referenced but does not ex
ist, replaced by a fixed one

! pdfTeX warning (dest): name{section.15.3} has been referenced but does not ex
ist, replaced by a fixed one

! pdfTeX warning (dest): name{subsection.15.2.1} has been referenced but does n
ot exist, replaced by a fixed one

! pdfTeX warning (dest): name{section.15.2} has been referenced but does not ex
ist, replaced by a fixed one

! pdfTeX warning (dest): name{section.15.1} has been referenced but does not ex
ist, replaced by a fixed one

! pdfTeX warning (dest): name{chapter.15} has been referenced but does not exis
t, replaced by a fixed one

! pdfTeX warning (dest): name{part.4} has been referenced but does not exist, r
eplaced by a fixed one

! pdfTeX warning (dest): name{section.14.3} has been referenced but does not ex
ist, replaced by a fixed one

! pdfTeX warning (dest): name{subsection.14.2.9} has been referenced but does n
ot exist, replaced by a fixed one

! pdfTeX warning (dest): name{subsection.14.2.8} has been referenced but does n
ot exist, replaced by a fixed one

! pdfTeX warning (dest): name{subsection.14.2.7} has been referenced but does n
ot exist, replaced by a fixed one

! pdfTeX warning (dest): name{subsection.14.2.6} has been referenced but does n
ot exist, replaced by a fixed one

! pdfTeX warning (dest): name{subsection.14.2.5} has been referenced but does n
ot exist, replaced by a fixed one

! pdfTeX warning (dest): name{subsection.14.2.4} has been referenced but does n
ot exist, replaced by a fixed one

! pdfTeX warning (dest): name{subsection.14.2.3} has been referenced but does n
ot exist, replaced by a fixed one

! pdfTeX warning (dest): name{subsection.14.2.2} has been referenced but does n
ot exist, replaced by a fixed one

! pdfTeX warning (dest): name{subsection.14.2.1} has been referenced but does n
ot exist, replaced by a fixed one

! pdfTeX warning (dest): name{section.14.2} has been referenced but does not ex
ist, replaced by a fixed one

! pdfTeX warning (dest): name{subsection.14.1.3} has been referenced but does n
ot exist, replaced by a fixed one

! pdfTeX warning (dest): name{subsection.14.1.2} has been referenced but does n
ot exist, replaced by a fixed one

! pdfTeX warning (dest): name{subsection.14.1.1} has been referenced but does n
ot exist, replaced by a fixed one

! pdfTeX warning (dest): name{section.14.1} has been referenced but does not ex
ist, replaced by a fixed one

! pdfTeX warning (dest): name{chapter.14} has been referenced but does not exis
t, replaced by a fixed one

! pdfTeX warning (dest): name{section.13.4} has been referenced but does not ex
ist, replaced by a fixed one

! pdfTeX warning (dest): name{subsection.13.3.4} has been referenced but does n
ot exist, replaced by a fixed one

! pdfTeX warning (dest): name{subsection.13.3.3} has been referenced but does n
ot exist, replaced by a fixed one

! pdfTeX warning (dest): name{subsection.13.3.2} has been referenced but does n
ot exist, replaced by a fixed one

! pdfTeX warning (dest): name{subsection.13.3.1} has been referenced but does n
ot exist, replaced by a fixed one

! pdfTeX warning (dest): name{section.13.3} has been referenced but does not ex
ist, replaced by a fixed one

! pdfTeX warning (dest): name{subsection.13.2.6} has been referenced but does n
ot exist, replaced by a fixed one

! pdfTeX warning (dest): name{subsection.13.2.5} has been referenced but does n
ot exist, replaced by a fixed one

! pdfTeX warning (dest): name{subsection.13.2.4} has been referenced but does n
ot exist, replaced by a fixed one

! pdfTeX warning (dest): name{subsection.13.2.3} has been referenced but does n
ot exist, replaced by a fixed one

! pdfTeX warning (dest): name{subsection.13.2.2} has been referenced but does n
ot exist, replaced by a fixed one

! pdfTeX warning (dest): name{subsection.13.2.1} has been referenced but does n
ot exist, replaced by a fixed one

! pdfTeX warning (dest): name{section.13.2} has been referenced but does not ex
ist, replaced by a fixed one

! pdfTeX warning (dest): name{subsection.13.1.6} has been referenced but does n
ot exist, replaced by a fixed one

! pdfTeX warning (dest): name{subsection.13.1.5} has been referenced but does n
ot exist, replaced by a fixed one

! pdfTeX warning (dest): name{subsection.13.1.4} has been referenced but does n
ot exist, replaced by a fixed one

! pdfTeX warning (dest): name{subsection.13.1.3} has been referenced but does n
ot exist, replaced by a fixed one

! pdfTeX warning (dest): name{subsection.13.1.2} has been referenced but does n
ot exist, replaced by a fixed one

! pdfTeX warning (dest): name{subsection.13.1.1} has been referenced but does n
ot exist, replaced by a fixed one

! pdfTeX warning (dest): name{section.13.1} has been referenced but does not ex
ist, replaced by a fixed one

! pdfTeX warning (dest): name{chapter.13} has been referenced but does not exis
t, replaced by a fixed one

! pdfTeX warning (dest): name{section.12.4} has been referenced but does not ex
ist, replaced by a fixed one

! pdfTeX warning (dest): name{section.12.3} has been referenced but does not ex
ist, replaced by a fixed one

! pdfTeX warning (dest): name{section.12.2} has been referenced but does not ex
ist, replaced by a fixed one

! pdfTeX warning (dest): name{subsection.12.1.1} has been referenced but does n
ot exist, replaced by a fixed one

! pdfTeX warning (dest): name{section.12.1} has been referenced but does not ex
ist, replaced by a fixed one

! pdfTeX warning (dest): name{chapter.12} has been referenced but does not exis
t, replaced by a fixed one

! pdfTeX warning (dest): name{part.3} has been referenced but does not exist, r
eplaced by a fixed one

! pdfTeX warning (dest): name{section.11.4} has been referenced but does not ex
ist, replaced by a fixed one

! pdfTeX warning (dest): name{subsection.11.3.2} has been referenced but does n
ot exist, replaced by a fixed one

! pdfTeX warning (dest): name{subsection.11.3.1} has been referenced but does n
ot exist, replaced by a fixed one

! pdfTeX warning (dest): name{section.11.3} has been referenced but does not ex
ist, replaced by a fixed one

! pdfTeX warning (dest): name{subsection.11.2.1} has been referenced but does n
ot exist, replaced by a fixed one

! pdfTeX warning (dest): name{section.11.2} has been referenced but does not ex
ist, replaced by a fixed one

! pdfTeX warning (dest): name{section.11.1} has been referenced but does not ex
ist, replaced by a fixed one

! pdfTeX warning (dest): name{chapter.11} has been referenced but does not exis
t, replaced by a fixed one

! pdfTeX warning (dest): name{section.10.3} has been referenced but does not ex
ist, replaced by a fixed one

! pdfTeX warning (dest): name{section.10.2} has been referenced but does not ex
ist, replaced by a fixed one

! pdfTeX warning (dest): name{section.10.1} has been referenced but does not ex
ist, replaced by a fixed one

! pdfTeX warning (dest): name{chapter.10} has been referenced but does not exis
t, replaced by a fixed one

! pdfTeX warning (dest): name{section.9.9} has been referenced but does not exi
st, replaced by a fixed one

! pdfTeX warning (dest): name{section.9.8} has been referenced but does not exi
st, replaced by a fixed one

! pdfTeX warning (dest): name{section.9.7} has been referenced but does not exi
st, replaced by a fixed one

! pdfTeX warning (dest): name{section.9.6} has been referenced but does not exi
st, replaced by a fixed one

! pdfTeX warning (dest): name{section.9.5} has been referenced but does not exi
st, replaced by a fixed one

! pdfTeX warning (dest): name{section.9.4} has been referenced but does not exi
st, replaced by a fixed one

! pdfTeX warning (dest): name{section.9.3} has been referenced but does not exi
st, replaced by a fixed one

! pdfTeX warning (dest): name{section.9.2} has been referenced but does not exi
st, replaced by a fixed one

! pdfTeX warning (dest): name{subsection.9.1.1} has been referenced but does no
t exist, replaced by a fixed one

! pdfTeX warning (dest): name{section.9.1} has been referenced but does not exi
st, replaced by a fixed one

! pdfTeX warning (dest): name{chapter.9} has been referenced but does not exist
, replaced by a fixed one

! pdfTeX warning (dest): name{section.8.8} has been referenced but does not exi
st, replaced by a fixed one

! pdfTeX warning (dest): name{section.8.7} has been referenced but does not exi
st, replaced by a fixed one

! pdfTeX warning (dest): name{section.8.6} has been referenced but does not exi
st, replaced by a fixed one

! pdfTeX warning (dest): name{subsection.8.5.1} has been referenced but does no
t exist, replaced by a fixed one

! pdfTeX warning (dest): name{section.8.5} has been referenced but does not exi
st, replaced by a fixed one

! pdfTeX warning (dest): name{section.8.4} has been referenced but does not exi
st, replaced by a fixed one

! pdfTeX warning (dest): name{section.8.3} has been referenced but does not exi
st, replaced by a fixed one

! pdfTeX warning (dest): name{section.8.2} has been referenced but does not exi
st, replaced by a fixed one

! pdfTeX warning (dest): name{section.8.1} has been referenced but does not exi
st, replaced by a fixed one

! pdfTeX warning (dest): name{chapter.8} has been referenced but does not exist
, replaced by a fixed one

! pdfTeX warning (dest): name{section.7.21} has been referenced but does not ex
ist, replaced by a fixed one

! pdfTeX warning (dest): name{section.7.20} has been referenced but does not ex
ist, replaced by a fixed one

! pdfTeX warning (dest): name{section.7.19} has been referenced but does not ex
ist, replaced by a fixed one

! pdfTeX warning (dest): name{section.7.18} has been referenced but does not ex
ist, replaced by a fixed one

! pdfTeX warning (dest): name{subsection.7.17.3} has been referenced but does n
ot exist, replaced by a fixed one

! pdfTeX warning (dest): name{subsection.7.17.2} has been referenced but does n
ot exist, replaced by a fixed one

! pdfTeX warning (dest): name{subsection.7.17.1} has been referenced but does n
ot exist, replaced by a fixed one

! pdfTeX warning (dest): name{section.7.17} has been referenced but does not ex
ist, replaced by a fixed one

! pdfTeX warning (dest): name{section.7.16} has been referenced but does not ex
ist, replaced by a fixed one

! pdfTeX warning (dest): name{section.7.15} has been referenced but does not ex
ist, replaced by a fixed one

! pdfTeX warning (dest): name{section.7.14} has been referenced but does not ex
ist, replaced by a fixed one

! pdfTeX warning (dest): name{section.7.13} has been referenced but does not ex
ist, replaced by a fixed one

! pdfTeX warning (dest): name{section.7.12} has been referenced but does not ex
ist, replaced by a fixed one

! pdfTeX warning (dest): name{section.7.11} has been referenced but does not ex
ist, replaced by a fixed one

! pdfTeX warning (dest): name{section.7.10} has been referenced but does not ex
ist, replaced by a fixed one

! pdfTeX warning (dest): name{section.7.9} has been referenced but does not exi
st, replaced by a fixed one

! pdfTeX warning (dest): name{section.7.8} has been referenced but does not exi
st, replaced by a fixed one

! pdfTeX warning (dest): name{section.7.7} has been referenced but does not exi
st, replaced by a fixed one

! pdfTeX warning (dest): name{section.7.6} has been referenced but does not exi
st, replaced by a fixed one

! pdfTeX warning (dest): name{section.7.5} has been referenced but does not exi
st, replaced by a fixed one

! pdfTeX warning (dest): name{section.7.4} has been referenced but does not exi
st, replaced by a fixed one

! pdfTeX warning (dest): name{section.7.3} has been referenced but does not exi
st, replaced by a fixed one

! pdfTeX warning (dest): name{subsection.7.2.1} has been referenced but does no
t exist, replaced by a fixed one

! pdfTeX warning (dest): name{section.7.2} has been referenced but does not exi
st, replaced by a fixed one

! pdfTeX warning (dest): name{section.7.1} has been referenced but does not exi
st, replaced by a fixed one

! pdfTeX warning (dest): name{chapter.7} has been referenced but does not exist
, replaced by a fixed one

! pdfTeX warning (dest): name{part.2} has been referenced but does not exist, r
eplaced by a fixed one

! pdfTeX warning (dest): name{section.6.6} has been referenced but does not exi
st, replaced by a fixed one

! pdfTeX warning (dest): name{subsection.6.5.1} has been referenced but does no
t exist, replaced by a fixed one

! pdfTeX warning (dest): name{section.6.5} has been referenced but does not exi
st, replaced by a fixed one

! pdfTeX warning (dest): name{section.6.4} has been referenced but does not exi
st, replaced by a fixed one

! pdfTeX warning (dest): name{section.6.3} has been referenced but does not exi
st, replaced by a fixed one

! pdfTeX warning (dest): name{section.6.2} has been referenced but does not exi
st, replaced by a fixed one

! pdfTeX warning (dest): name{section.6.1} has been referenced but does not exi
st, replaced by a fixed one

! pdfTeX warning (dest): name{chapter.6} has been referenced but does not exist
, replaced by a fixed one

! pdfTeX warning (dest): name{section.5.7} has been referenced but does not exi
st, replaced by a fixed one

! pdfTeX warning (dest): name{subsection.5.6.7} has been referenced but does no
t exist, replaced by a fixed one

! pdfTeX warning (dest): name{subsection.5.6.6} has been referenced but does no
t exist, replaced by a fixed one

! pdfTeX warning (dest): name{subsection.5.6.5} has been referenced but does no
t exist, replaced by a fixed one

! pdfTeX warning (dest): name{subsection.5.6.4} has been referenced but does no
t exist, replaced by a fixed one

! pdfTeX warning (dest): name{subsection.5.6.3} has been referenced but does no
t exist, replaced by a fixed one

! pdfTeX warning (dest): name{subsection.5.6.2} has been referenced but does no
t exist, replaced by a fixed one

! pdfTeX warning (dest): name{subsection.5.6.1} has been referenced but does no
t exist, replaced by a fixed one

! pdfTeX warning (dest): name{section.5.6} has been referenced but does not exi
st, replaced by a fixed one

! pdfTeX warning (dest): name{subsection.5.5.1} has been referenced but does no
t exist, replaced by a fixed one

! pdfTeX warning (dest): name{section.5.5} has been referenced but does not exi
st, replaced by a fixed one

! pdfTeX warning (dest): name{section.5.4} has been referenced but does not exi
st, replaced by a fixed one

! pdfTeX warning (dest): name{section.5.3} has been referenced but does not exi
st, replaced by a fixed one

! pdfTeX warning (dest): name{subsection.5.2.3} has been referenced but does no
t exist, replaced by a fixed one

! pdfTeX warning (dest): name{subsection.5.2.2} has been referenced but does no
t exist, replaced by a fixed one

! pdfTeX warning (dest): name{subsection.5.2.1} has been referenced but does no
t exist, replaced by a fixed one

! pdfTeX warning (dest): name{section.5.2} has been referenced but does not exi
st, replaced by a fixed one

! pdfTeX warning (dest): name{subsection.5.1.1} has been referenced but does no
t exist, replaced by a fixed one

! pdfTeX warning (dest): name{section.5.1} has been referenced but does not exi
st, replaced by a fixed one

! pdfTeX warning (dest): name{chapter.5} has been referenced but does not exist
, replaced by a fixed one

! pdfTeX warning (dest): name{section.4.4} has been referenced but does not exi
st, replaced by a fixed one

! pdfTeX warning (dest): name{subsection.4.3.5} has been referenced but does no
t exist, replaced by a fixed one

! pdfTeX warning (dest): name{subsection.4.3.4} has been referenced but does no
t exist, replaced by a fixed one

! pdfTeX warning (dest): name{subsection.4.3.3} has been referenced but does no
t exist, replaced by a fixed one

! pdfTeX warning (dest): name{subsection.4.3.2} has been referenced but does no
t exist, replaced by a fixed one

! pdfTeX warning (dest): name{subsection.4.3.1} has been referenced but does no
t exist, replaced by a fixed one

! pdfTeX warning (dest): name{section.4.3} has been referenced but does not exi
st, replaced by a fixed one

! pdfTeX warning (dest): name{section.4.2} has been referenced but does not exi
st, replaced by a fixed one

! pdfTeX warning (dest): name{subsection.4.1.2} has been referenced but does no
t exist, replaced by a fixed one

! pdfTeX warning (dest): name{subsection.4.1.1} has been referenced but does no
t exist, replaced by a fixed one

! pdfTeX warning (dest): name{section.4.1} has been referenced but does not exi
st, replaced by a fixed one

! pdfTeX warning (dest): name{chapter.4} has been referenced but does not exist
, replaced by a fixed one

! pdfTeX warning (dest): name{section.3.5} has been referenced but does not exi
st, replaced by a fixed one

! pdfTeX warning (dest): name{subsection.3.4.2} has been referenced but does no
t exist, replaced by a fixed one

! pdfTeX warning (dest): name{subsection.3.4.1} has been referenced but does no
t exist, replaced by a fixed one

! pdfTeX warning (dest): name{section.3.4} has been referenced but does not exi
st, replaced by a fixed one

! pdfTeX warning (dest): name{subsection.3.3.3} has been referenced but does no
t exist, replaced by a fixed one

! pdfTeX warning (dest): name{subsection.3.3.2} has been referenced but does no
t exist, replaced by a fixed one

! pdfTeX warning (dest): name{subsection.3.3.1} has been referenced but does no
t exist, replaced by a fixed one

! pdfTeX warning (dest): name{section.3.3} has been referenced but does not exi
st, replaced by a fixed one

! pdfTeX warning (dest): name{subsection.3.2.1} has been referenced but does no
t exist, replaced by a fixed one

! pdfTeX warning (dest): name{section.3.2} has been referenced but does not exi
st, replaced by a fixed one

! pdfTeX warning (dest): name{section.3.1} has been referenced but does not exi
st, replaced by a fixed one

! pdfTeX warning (dest): name{chapter.3} has been referenced but does not exist
, replaced by a fixed one

! pdfTeX warning (dest): name{section.2.3} has been referenced but does not exi
st, replaced by a fixed one

! pdfTeX warning (dest): name{section.2.2} has been referenced but does not exi
st, replaced by a fixed one

! pdfTeX warning (dest): name{subsection.2.1.1} has been referenced but does no
t exist, replaced by a fixed one

! pdfTeX warning (dest): name{section.2.1} has been referenced but does not exi
st, replaced by a fixed one

! pdfTeX warning (dest): name{chapter.2} has been referenced but does not exist
, replaced by a fixed one

! pdfTeX warning (dest): name{subsection.1.4.5} has been referenced but does no
t exist, replaced by a fixed one

! pdfTeX warning (dest): name{subsection.1.4.4} has been referenced but does no
t exist, replaced by a fixed one

! pdfTeX warning (dest): name{subsection.1.4.3} has been referenced but does no
t exist, replaced by a fixed one

! pdfTeX warning (dest): name{subsection.1.4.2} has been referenced but does no
t exist, replaced by a fixed one

! pdfTeX warning (dest): name{subsection.1.4.1} has been referenced but does no
t exist, replaced by a fixed one

! pdfTeX warning (dest): name{section.1.4} has been referenced but does not exi
st, replaced by a fixed one

! pdfTeX warning (dest): name{section.1.3} has been referenced but does not exi
st, replaced by a fixed one

! pdfTeX warning (dest): name{section.1.2} has been referenced but does not exi
st, replaced by a fixed one

! pdfTeX warning (dest): name{section.1.1} has been referenced but does not exi
st, replaced by a fixed one

! pdfTeX warning (dest): name{chapter.1} has been referenced but does not exist
, replaced by a fixed one

! pdfTeX warning (dest): name{part.1} has been referenced but does not exist, r
eplaced by a fixed one

{/usr/local/share/texmf/dvips/psnfss/8r.enc}</usr/local/share/texmf/fonts/type1
/urw/times/utmr8a.pfb>
Output written on book_outline.pdf (12 pages, 107771 bytes).
