\BOOKMARK [1][-]{section.1}{Introduction}{}
\BOOKMARK [1][-]{section.2}{Page headers and footers}{}
\BOOKMARK [1][-]{section.3}{What is fancyhdr}{}
\BOOKMARK [1][-]{section.4}{Simple use of fancyhdr}{}
\BOOKMARK [1][-]{section.5}{A simple example}{}
\BOOKMARK [1][-]{section.6}{An example of two-sided printing}{}
\BOOKMARK [1][-]{section.7}{Redefining plain style}{}
\BOOKMARK [1][-]{section.8}{The default layout}{}
\BOOKMARK [1][-]{section.9}{The scoop on LaTeX's marks}{}
\BOOKMARK [1][-]{section.10}{Dictionary style headers}{}
\BOOKMARK [1][-]{section.11}{Fancy layouts}{}
\BOOKMARK [1][-]{section.12}{Two book examples}{}
\BOOKMARK [1][-]{section.13}{Special page layout for float pages}{}
\BOOKMARK [1][-]{section.14}{Those blank pages}{}
\BOOKMARK [1][-]{section.15}{N of M style page numbers}{}
\BOOKMARK [1][-]{section.16}{Chapter or section related page numbers}{}
\BOOKMARK [1][-]{section.17}{When to change the headers and footers?}{}
\BOOKMARK [1][-]{section.18}{Headers and footers induced by the text}{}
\BOOKMARK [1][-]{section.19}{A movie}{}
\BOOKMARK [1][-]{section.20}{Thumb-indexes}{}
\BOOKMARK [1][-]{section.21}{Float placement}{}
\BOOKMARK [1][-]{section.22}{Multipage Floats}{}
\BOOKMARK [2][-]{subsection.22.1}{Tables}{section.22}
\BOOKMARK [2][-]{subsection.22.2}{Figures}{section.22}
\BOOKMARK [1][-]{section.23}{Contact information}{}
