\BOOKMARK [-1][-]{part.1}{I Introduction}{}
\BOOKMARK [0][-]{chapter.1}{Introduction}{part.1}
\BOOKMARK [1][-]{section.1.1}{Why Learn Tagsets?}{chapter.1}
\BOOKMARK [1][-]{section.1.2}{What are Tagsets?}{chapter.1}
\BOOKMARK [1][-]{section.1.3}{A short History of Tagsets}{chapter.1}
\BOOKMARK [1][-]{section.1.4}{Markup Languages}{chapter.1}
\BOOKMARK [2][-]{subsection.1.4.1}{In the Beginning There Was Roff}{section.1.4}
\BOOKMARK [2][-]{subsection.1.4.2}{Then there was LaTeX}{section.1.4}
\BOOKMARK [2][-]{subsection.1.4.3}{SGML and friends}{section.1.4}
\BOOKMARK [2][-]{subsection.1.4.4}{Other Formats}{section.1.4}
\BOOKMARK [2][-]{subsection.1.4.5}{What it all means}{section.1.4}
\BOOKMARK [0][-]{chapter.2}{The basics}{part.1}
\BOOKMARK [1][-]{section.2.1}{Tagsets and Proc Template}{chapter.2}
\BOOKMARK [2][-]{subsection.2.1.1}{The tagset directory}{section.2.1}
\BOOKMARK [1][-]{section.2.2}{Using a tagset}{chapter.2}
\BOOKMARK [1][-]{section.2.3}{Summary}{chapter.2}
\BOOKMARK [0][-]{chapter.3}{Tagsets: how do they work?}{part.1}
\BOOKMARK [1][-]{section.3.1}{Data and context in time}{chapter.3}
\BOOKMARK [1][-]{section.3.2}{Event Requests}{chapter.3}
\BOOKMARK [2][-]{subsection.3.2.1}{A few variables}{section.3.2}
\BOOKMARK [1][-]{section.3.3}{Our First tagset}{chapter.3}
\BOOKMARK [2][-]{subsection.3.3.1}{Define statement}{section.3.3}
\BOOKMARK [2][-]{subsection.3.3.2}{The data event}{section.3.3}
\BOOKMARK [2][-]{subsection.3.3.3}{The header event}{section.3.3}
\BOOKMARK [1][-]{section.3.4}{Fleshing out the plain\137text tagset}{chapter.3}
\BOOKMARK [2][-]{subsection.3.4.1}{head, body, and foot}{section.3.4}
\BOOKMARK [2][-]{subsection.3.4.2}{Titles}{section.3.4}
\BOOKMARK [1][-]{section.3.5}{Summary}{chapter.3}
\BOOKMARK [0][-]{chapter.4}{Modifying Existing Tagsets}{part.1}
\BOOKMARK [1][-]{section.4.1}{Changing the delimiter for CSV files}{chapter.4}
\BOOKMARK [2][-]{subsection.4.1.1}{Finding the Events}{section.4.1}
\BOOKMARK [2][-]{subsection.4.1.2}{Simple If's}{section.4.1}
\BOOKMARK [1][-]{section.4.2}{Making the changes}{chapter.4}
\BOOKMARK [1][-]{section.4.3}{A better CSV tagset}{chapter.4}
\BOOKMARK [2][-]{subsection.4.3.1}{Macro variables}{section.4.3}
\BOOKMARK [2][-]{subsection.4.3.2}{The Initialize Event}{section.4.3}
\BOOKMARK [2][-]{subsection.4.3.3}{The set statement}{section.4.3}
\BOOKMARK [2][-]{subsection.4.3.4}{The New CSV Tagset}{section.4.3}
\BOOKMARK [2][-]{subsection.4.3.5}{Tagset Alias}{section.4.3}
\BOOKMARK [1][-]{section.4.4}{Summary}{chapter.4}
\BOOKMARK [0][-]{chapter.5}{The Path to Enlightenment}{part.1}
\BOOKMARK [1][-]{section.5.1}{Finding Events}{chapter.5}
\BOOKMARK [2][-]{subsection.5.1.1}{The Short\137map Tagset}{section.5.1}
\BOOKMARK [1][-]{section.5.2}{The Default\137Event Tagset Attribute}{chapter.5}
\BOOKMARK [2][-]{subsection.5.2.1}{The Events}{section.5.2}
\BOOKMARK [2][-]{subsection.5.2.2}{The Default Event}{section.5.2}
\BOOKMARK [2][-]{subsection.5.2.3}{summary}{section.5.2}
\BOOKMARK [1][-]{section.5.3}{Finding Variables}{chapter.5}
\BOOKMARK [1][-]{section.5.4}{The Putlog Statement}{chapter.5}
\BOOKMARK [1][-]{section.5.5}{Define, Identify, Locate, Explore, and Solve.}{chapter.5}
\BOOKMARK [2][-]{subsection.5.5.1}{Repeat as Necessary}{section.5.5}
\BOOKMARK [1][-]{section.5.6}{Going step by step}{chapter.5}
\BOOKMARK [2][-]{subsection.5.6.1}{Adding a Target to a URL}{section.5.6}
\BOOKMARK [2][-]{subsection.5.6.2}{Define the Problem}{section.5.6}
\BOOKMARK [2][-]{subsection.5.6.3}{Identify the event}{section.5.6}
\BOOKMARK [2][-]{subsection.5.6.4}{Locate the Event}{section.5.6}
\BOOKMARK [2][-]{subsection.5.6.5}{Explore the Data}{section.5.6}
\BOOKMARK [2][-]{subsection.5.6.6}{Repeat. Identify, Locate, Explore}{section.5.6}
\BOOKMARK [2][-]{subsection.5.6.7}{The solution}{section.5.6}
\BOOKMARK [1][-]{section.5.7}{Summary}{chapter.5}
\BOOKMARK [0][-]{chapter.6}{File Redirection}{part.1}
\BOOKMARK [1][-]{section.6.1}{The File Attribute}{chapter.6}
\BOOKMARK [1][-]{section.6.2}{Identify}{chapter.6}
\BOOKMARK [1][-]{section.6.3}{Locate and Explore}{chapter.6}
\BOOKMARK [1][-]{section.6.4}{File interactions}{chapter.6}
\BOOKMARK [1][-]{section.6.5}{Freedom of Choice}{chapter.6}
\BOOKMARK [2][-]{subsection.6.5.1}{Explore}{section.6.5}
\BOOKMARK [1][-]{section.6.6}{Summary}{chapter.6}
\BOOKMARK [-1][-]{part.2}{II Technicalities}{}
\BOOKMARK [0][-]{chapter.7}{The Tagset Attributes}{part.2}
\BOOKMARK [1][-]{section.7.1}{Parent}{chapter.7}
\BOOKMARK [1][-]{section.7.2}{Special Characters}{chapter.7}
\BOOKMARK [2][-]{subsection.7.2.1}{Automatic Character Translation}{section.7.2}
\BOOKMARK [1][-]{section.7.3}{Non Breaking Spaces}{chapter.7}
\BOOKMARK [1][-]{section.7.4}{Split Characters}{chapter.7}
\BOOKMARK [1][-]{section.7.5}{Indention}{chapter.7}
\BOOKMARK [1][-]{section.7.6}{Stacked Columns}{chapter.7}
\BOOKMARK [1][-]{section.7.7}{Image Formats}{chapter.7}
\BOOKMARK [1][-]{section.7.8}{Output Type}{chapter.7}
\BOOKMARK [1][-]{section.7.9}{Adding Measurements}{chapter.7}
\BOOKMARK [1][-]{section.7.10}{Copyright Symbol}{chapter.7}
\BOOKMARK [1][-]{section.7.11}{Trademark Symbol}{chapter.7}
\BOOKMARK [1][-]{section.7.12}{Registered Trademark Symbol}{chapter.7}
\BOOKMARK [1][-]{section.7.13}{Default Event}{chapter.7}
\BOOKMARK [1][-]{section.7.14}{Embedded Stylesheet}{chapter.7}
\BOOKMARK [1][-]{section.7.15}{Pure Style}{chapter.7}
\BOOKMARK [1][-]{section.7.16}{lognote}{chapter.7}
\BOOKMARK [1][-]{section.7.17}{Splitting Text}{chapter.7}
\BOOKMARK [2][-]{subsection.7.17.1}{Breaktext Length}{section.7.17}
\BOOKMARK [2][-]{subsection.7.17.2}{Breaktext Width}{section.7.17}
\BOOKMARK [2][-]{subsection.7.17.3}{Breaktext Ratio}{section.7.17}
\BOOKMARK [1][-]{section.7.18}{External Graph Instance}{chapter.7}
\BOOKMARK [1][-]{section.7.19}{No Byte Order Mark}{chapter.7}
\BOOKMARK [1][-]{section.7.20}{Hierarchical Data}{chapter.7}
\BOOKMARK [1][-]{section.7.21}{Summary}{chapter.7}
\BOOKMARK [0][-]{chapter.8}{Creating Variables}{part.2}
\BOOKMARK [1][-]{section.8.1}{String Variables}{chapter.8}
\BOOKMARK [1][-]{section.8.2}{Lists}{chapter.8}
\BOOKMARK [1][-]{section.8.3}{Dictionaries}{chapter.8}
\BOOKMARK [1][-]{section.8.4}{Numeric Variables}{chapter.8}
\BOOKMARK [1][-]{section.8.5}{Stream Variables}{chapter.8}
\BOOKMARK [2][-]{subsection.8.5.1}{Stream Specific Statements}{section.8.5}
\BOOKMARK [1][-]{section.8.6}{The Putvars Statment}{chapter.8}
\BOOKMARK [1][-]{section.8.7}{Bringing it all together}{chapter.8}
\BOOKMARK [1][-]{section.8.8}{Summary}{chapter.8}
\BOOKMARK [0][-]{chapter.9}{Procedural controls}{part.2}
\BOOKMARK [1][-]{section.9.1}{Simple If's}{chapter.9}
\BOOKMARK [2][-]{subsection.9.1.1}{Built in tests}{section.9.1}
\BOOKMARK [1][-]{section.9.2}{Where Clauses}{chapter.9}
\BOOKMARK [1][-]{section.9.3}{Break}{chapter.9}
\BOOKMARK [1][-]{section.9.4}{Breakif}{chapter.9}
\BOOKMARK [1][-]{section.9.5}{Do blocks}{chapter.9}
\BOOKMARK [1][-]{section.9.6}{Do While Loops}{chapter.9}
\BOOKMARK [1][-]{section.9.7}{Iterating through Dictionaries}{chapter.9}
\BOOKMARK [1][-]{section.9.8}{Bringing it all together}{chapter.9}
\BOOKMARK [1][-]{section.9.9}{Summary}{chapter.9}
\BOOKMARK [0][-]{chapter.10}{Trigger Happy}{part.2}
\BOOKMARK [1][-]{section.10.1}{Simple Triggers}{chapter.10}
\BOOKMARK [1][-]{section.10.2}{Events with a state}{chapter.10}
\BOOKMARK [1][-]{section.10.3}{summary}{chapter.10}
\BOOKMARK [0][-]{chapter.11}{Data Step Functions}{part.2}
\BOOKMARK [1][-]{section.11.1}{Set and Put statements}{chapter.11}
\BOOKMARK [1][-]{section.11.2}{The Eval Statement}{chapter.11}
\BOOKMARK [2][-]{subsection.11.2.1}{number conversions}{section.11.2}
\BOOKMARK [1][-]{section.11.3}{advanced usage and debugging}{chapter.11}
\BOOKMARK [2][-]{subsection.11.3.1}{File I/O}{section.11.3}
\BOOKMARK [2][-]{subsection.11.3.2}{Perl Regular Expressions}{section.11.3}
\BOOKMARK [1][-]{section.11.4}{Summary}{chapter.11}
\BOOKMARK [-1][-]{part.3}{III Intermediate Examples}{}
\BOOKMARK [0][-]{chapter.12}{Styles and Tagsets, A perfect match}{part.3}
\BOOKMARK [1][-]{section.12.1}{Starting Simple}{chapter.12}
\BOOKMARK [2][-]{subsection.12.1.1}{Embedded styles}{section.12.1}
\BOOKMARK [1][-]{section.12.2}{Styles of your own choosing}{chapter.12}
\BOOKMARK [1][-]{section.12.3}{Getting the whole style}{chapter.12}
\BOOKMARK [1][-]{section.12.4}{Summary}{chapter.12}
\BOOKMARK [0][-]{chapter.13}{Tagsets with Style}{part.3}
\BOOKMARK [1][-]{section.13.1}{A Problem with Table Rules}{chapter.13}
\BOOKMARK [2][-]{subsection.13.1.1}{Define the problem}{section.13.1}
\BOOKMARK [2][-]{subsection.13.1.2}{A Simple Solution}{section.13.1}
\BOOKMARK [2][-]{subsection.13.1.3}{Identify and locate the event}{section.13.1}
\BOOKMARK [2][-]{subsection.13.1.4}{A Simple Solution}{section.13.1}
\BOOKMARK [2][-]{subsection.13.1.5}{Table Rules with style}{section.13.1}
\BOOKMARK [2][-]{subsection.13.1.6}{The Better Solution}{section.13.1}
\BOOKMARK [1][-]{section.13.2}{Everyone likes stripes}{chapter.13}
\BOOKMARK [2][-]{subsection.13.2.1}{Defining the Problem}{section.13.2}
\BOOKMARK [2][-]{subsection.13.2.2}{The HTML solution}{section.13.2}
\BOOKMARK [2][-]{subsection.13.2.3}{The Code}{section.13.2}
\BOOKMARK [2][-]{subsection.13.2.4}{The LaTeX solution}{section.13.2}
\BOOKMARK [2][-]{subsection.13.2.5}{The Code}{section.13.2}
\BOOKMARK [2][-]{subsection.13.2.6}{Summary}{section.13.2}
\BOOKMARK [1][-]{section.13.3}{slidebar columns}{chapter.13}
\BOOKMARK [2][-]{subsection.13.3.1}{Define the Problem}{section.13.3}
\BOOKMARK [2][-]{subsection.13.3.2}{Identify and Locate}{section.13.3}
\BOOKMARK [2][-]{subsection.13.3.3}{The Solution}{section.13.3}
\BOOKMARK [2][-]{subsection.13.3.4}{Example Summary}{section.13.3}
\BOOKMARK [1][-]{section.13.4}{Summary}{chapter.13}
\BOOKMARK [0][-]{chapter.14}{Tagsets with Streams}{part.3}
\BOOKMARK [1][-]{section.14.1}{Overly long Tables}{chapter.14}
\BOOKMARK [2][-]{subsection.14.1.1}{Defining the Solution}{section.14.1}
\BOOKMARK [2][-]{subsection.14.1.2}{Identify, Locate and Explore}{section.14.1}
\BOOKMARK [2][-]{subsection.14.1.3}{The Solution}{section.14.1}
\BOOKMARK [2][-]{subsection.14.1.4}{summary}{section.14.1}
\BOOKMARK [1][-]{section.14.2}{Special Cases}{chapter.14}
\BOOKMARK [1][-]{section.14.3}{One Better}{chapter.14}
\BOOKMARK [2][-]{subsection.14.3.1}{The solution}{section.14.3}
\BOOKMARK [1][-]{section.14.4}{A Tagset with Startpage}{chapter.14}
\BOOKMARK [2][-]{subsection.14.4.1}{Identify, Locate and Explore}{section.14.4}
\BOOKMARK [2][-]{subsection.14.4.2}{Defining the solution}{section.14.4}
\BOOKMARK [2][-]{subsection.14.4.3}{Block and Unblock statments}{section.14.4}
\BOOKMARK [2][-]{subsection.14.4.4}{A partial solution}{section.14.4}
\BOOKMARK [2][-]{subsection.14.4.5}{The Solution}{section.14.4}
\BOOKMARK [2][-]{subsection.14.4.6}{More Identify and Locate}{section.14.4}
\BOOKMARK [2][-]{subsection.14.4.7}{Refining the Control}{section.14.4}
\BOOKMARK [2][-]{subsection.14.4.8}{Almost There}{section.14.4}
\BOOKMARK [2][-]{subsection.14.4.9}{The Final Solution}{section.14.4}
\BOOKMARK [1][-]{section.14.5}{Summary}{chapter.14}
\BOOKMARK [-1][-]{part.4}{IV Advanced Examples}{}
\BOOKMARK [0][-]{chapter.15}{ODS Output for Website Integration}{part.4}
\BOOKMARK [1][-]{section.15.1}{The Problem}{chapter.15}
\BOOKMARK [1][-]{section.15.2}{Alternate Behavior for existing options}{chapter.15}
\BOOKMARK [2][-]{subsection.15.2.1}{Explore}{section.15.2}
\BOOKMARK [1][-]{section.15.3}{Reading an external file}{chapter.15}
\BOOKMARK [1][-]{section.15.4}{The Solution}{chapter.15}
\BOOKMARK [2][-]{subsection.15.4.1}{Initialization Timing}{section.15.4}
\BOOKMARK [1][-]{section.15.5}{Summary}{chapter.15}
\BOOKMARK [0][-]{chapter.16}{Datastep Conversions}{part.4}
\BOOKMARK [1][-]{section.16.1}{Special Bylines}{chapter.16}
\BOOKMARK [2][-]{subsection.16.1.1}{The DataStep Code}{section.16.1}
\BOOKMARK [2][-]{subsection.16.1.2}{Breaking it down}{section.16.1}
\BOOKMARK [2][-]{subsection.16.1.3}{The Style}{section.16.1}
\BOOKMARK [2][-]{subsection.16.1.4}{Counting Observations}{section.16.1}
\BOOKMARK [2][-]{subsection.16.1.5}{various problems}{section.16.1}
\BOOKMARK [2][-]{subsection.16.1.6}{Modifying the Byline}{section.16.1}
\BOOKMARK [2][-]{subsection.16.1.7}{A more flexible solution}{section.16.1}
\BOOKMARK [1][-]{section.16.2}{Slidebars for HTML, PDF, and PS}{chapter.16}
\BOOKMARK [2][-]{subsection.16.2.1}{breaking it down}{section.16.2}
\BOOKMARK [2][-]{subsection.16.2.2}{The Style}{section.16.2}
\BOOKMARK [2][-]{subsection.16.2.3}{The HTML Tagset}{section.16.2}
\BOOKMARK [2][-]{subsection.16.2.4}{Dealing with the Report Procedure}{section.16.2}
\BOOKMARK [2][-]{subsection.16.2.5}{The LaTeX Tagset}{section.16.2}
\BOOKMARK [1][-]{section.16.3}{Summary}{chapter.16}
\BOOKMARK [0][-]{chapter.17}{Extended examples}{part.4}
\BOOKMARK [1][-]{section.17.1}{Repeating Headers, and Mirrored Row headers}{chapter.17}
\BOOKMARK [2][-]{subsection.17.1.1}{The Single Stream Solution}{section.17.1}
\BOOKMARK [2][-]{subsection.17.1.2}{The Multiple Stream Solution}{section.17.1}
\BOOKMARK [2][-]{subsection.17.1.3}{The Multiple List Solution}{section.17.1}
\BOOKMARK [1][-]{section.17.2}{Automatic Panelling}{chapter.17}
\BOOKMARK [2][-]{subsection.17.2.1}{An Extension of Start Page}{section.17.2}
\BOOKMARK [2][-]{subsection.17.2.2}{The solution}{section.17.2}
\BOOKMARK [1][-]{section.17.3}{HTML forms}{chapter.17}
\BOOKMARK [2][-]{subsection.17.3.1}{Option Lists}{section.17.3}
\BOOKMARK [2][-]{subsection.17.3.2}{Saving the Lists}{section.17.3}
\BOOKMARK [2][-]{subsection.17.3.3}{Creating the Form}{section.17.3}
\BOOKMARK [1][-]{section.17.4}{Summary}{chapter.17}
\BOOKMARK [0][-]{chapter.18}{A feature Rich Tagset}{part.4}
\BOOKMARK [1][-]{section.18.1}{Which features?}{chapter.18}
\BOOKMARK [1][-]{section.18.2}{Lining up the inheritance}{chapter.18}
\BOOKMARK [1][-]{section.18.3}{Copy and Paste}{chapter.18}
\BOOKMARK [1][-]{section.18.4}{Macro Variables and Tagset Alias}{chapter.18}
\BOOKMARK [1][-]{section.18.5}{Summary}{chapter.18}
\BOOKMARK [-1][-]{part.5}{V Usage Notes and Caveat's}{}
\BOOKMARK [0][-]{chapter.19}{Special Cases, Procedures and Operating Systems'}{part.5}
\BOOKMARK [1][-]{section.19.1}{A Report Procedure problem}{chapter.19}
\BOOKMARK [2][-]{subsection.19.1.1}{deferred data}{section.19.1}
\BOOKMARK [1][-]{section.19.2}{The Tabulate and Report problem}{chapter.19}
\BOOKMARK [2][-]{subsection.19.2.1}{The Table Head section}{section.19.2}
\BOOKMARK [2][-]{subsection.19.2.2}{The Table column specifications}{section.19.2}
\BOOKMARK [1][-]{section.19.3}{HTML on MVS with a PDSE}{chapter.19}
\BOOKMARK [1][-]{section.19.4}{Summary}{chapter.19}
\BOOKMARK [0][-]{chapter.20}{Using LaTeX}{part.5}
\BOOKMARK [1][-]{section.20.1}{The LaTeX statement}{chapter.20}
\BOOKMARK [2][-]{subsection.20.1.1}{Color Support}{section.20.1}
\BOOKMARK [1][-]{section.20.2}{Compiling the LaTeX Output}{chapter.20}
\BOOKMARK [2][-]{subsection.20.2.1}{The latex Command}{section.20.2}
\BOOKMARK [2][-]{subsection.20.2.2}{The dvips Command}{section.20.2}
\BOOKMARK [2][-]{subsection.20.2.3}{The pdflatex Command}{section.20.2}
\BOOKMARK [1][-]{section.20.3}{Integrating LaTeX output into documents}{chapter.20}
\BOOKMARK [2][-]{subsection.20.3.1}{The easy way}{section.20.3}
\BOOKMARK [2][-]{subsection.20.3.2}{Using NewFile to advantage}{section.20.3}
\BOOKMARK [2][-]{subsection.20.3.3}{The simple way}{section.20.3}
\BOOKMARK [1][-]{section.20.4}{Image Formats and Graph}{chapter.20}
\BOOKMARK [1][-]{section.20.5}{LaTeX in the different versions of SAS}{chapter.20}
\BOOKMARK [2][-]{subsection.20.5.1}{SAS 8.2}{section.20.5}
\BOOKMARK [2][-]{subsection.20.5.2}{SAS 9.0}{section.20.5}
\BOOKMARK [2][-]{subsection.20.5.3}{SAS 9.1 and beyond.}{section.20.5}
\BOOKMARK [1][-]{section.20.6}{Summary}{chapter.20}
\BOOKMARK [0][-]{chapter.21}{Using The HTML Tagsets}{part.5}
\BOOKMARK [1][-]{section.21.1}{The html statement}{chapter.21}
\BOOKMARK [2][-]{subsection.21.1.1}{HTML4}{section.21.1}
\BOOKMARK [2][-]{subsection.21.1.2}{PHTML}{section.21.1}
\BOOKMARK [2][-]{subsection.21.1.3}{HTMLCSS}{section.21.1}
\BOOKMARK [2][-]{subsection.21.1.4}{MSOffice2K}{section.21.1}
\BOOKMARK [1][-]{section.21.2}{CHTML}{chapter.21}
\BOOKMARK [1][-]{section.21.3}{Stylesheets}{chapter.21}
\BOOKMARK [1][-]{section.21.4}{Javascript code}{chapter.21}
\BOOKMARK [1][-]{section.21.5}{Scrolling Tables}{chapter.21}
\BOOKMARK [1][-]{section.21.6}{Accessibility}{chapter.21}
\BOOKMARK [1][-]{section.21.7}{HTML and Excel}{chapter.21}
\BOOKMARK [1][-]{section.21.8}{Summary}{chapter.21}
\BOOKMARK [0][-]{chapter.22}{Using Markup output with Spreadsheets.}{part.5}
\BOOKMARK [1][-]{section.22.1}{Using CSV}{chapter.22}
\BOOKMARK [1][-]{section.22.2}{SYLK}{chapter.22}
\BOOKMARK [1][-]{section.22.3}{HTML and Excel}{chapter.22}
\BOOKMARK [2][-]{subsection.22.3.1}{Compact HTML}{section.22.3}
\BOOKMARK [2][-]{subsection.22.3.2}{PHTML - Plain HTML}{section.22.3}
\BOOKMARK [2][-]{subsection.22.3.3}{HTML for Microsoft Office 2000}{section.22.3}
\BOOKMARK [1][-]{section.22.4}{DDE}{chapter.22}
\BOOKMARK [1][-]{section.22.5}{Spreadsheet XML}{chapter.22}
\BOOKMARK [1][-]{section.22.6}{Summary}{chapter.22}
\BOOKMARK [0][-]{chapter.23}{Using Tagsets with the Libname XML Engine}{part.5}
\BOOKMARK [1][-]{section.23.1}{XML Engine vs. ODS}{chapter.23}
\BOOKMARK [1][-]{section.23.2}{Advantages of the XML engine}{chapter.23}
\BOOKMARK [2][-]{subsection.23.2.1}{Control options}{section.23.2}
\BOOKMARK [1][-]{section.23.3}{The Tagsets}{chapter.23}
\BOOKMARK [1][-]{section.23.4}{Summary}{chapter.23}
\BOOKMARK [-1][-]{part.6}{VI Appendices}{}
\BOOKMARK [0][-]{appendix*.2}{Quick Reference Guide}{part.6}
\BOOKMARK [1][-]{section..1}{Useful tagsets}{appendix*.2}
\BOOKMARK [1][-]{section..2}{Tagset attributes}{appendix*.2}
\BOOKMARK [1][-]{section..3}{Event attributes}{appendix*.2}
\BOOKMARK [1][-]{section..4}{Event Statements}{appendix*.2}
\BOOKMARK [1][-]{section..5}{If Statements}{appendix*.2}
\BOOKMARK [0][-]{appendix*.3}{Variables}{part.6}
\BOOKMARK [1][-]{section..6}{Event Variables}{appendix*.3}
\BOOKMARK [2][-]{subsection..6.1}{508 Accessibility}{section..6}
\BOOKMARK [2][-]{subsection..6.2}{Data}{section..6}
\BOOKMARK [2][-]{subsection..6.3}{Event MetaData}{section..6}
\BOOKMARK [2][-]{subsection..6.4}{Data Formatting}{section..6}
\BOOKMARK [2][-]{subsection..6.5}{Title and Note Formatting}{section..6}
\BOOKMARK [2][-]{subsection..6.6}{Miscellaneous}{section..6}
\BOOKMARK [2][-]{subsection..6.7}{Graph}{section..6}
\BOOKMARK [2][-]{subsection..6.8}{ODS Statement}{section..6}
\BOOKMARK [2][-]{subsection..6.9}{Table}{section..6}
\BOOKMARK [2][-]{subsection..6.10}{URL}{section..6}
\BOOKMARK [2][-]{subsection..6.11}{XML Libname Engine}{section..6}
\BOOKMARK [1][-]{section..7}{Style Variables}{appendix*.3}
\BOOKMARK [2][-]{subsection..7.1}{Borders}{section..7}
\BOOKMARK [2][-]{subsection..7.2}{Font}{section..7}
\BOOKMARK [2][-]{subsection..7.3}{Images}{section..7}
\BOOKMARK [2][-]{subsection..7.4}{Layout}{section..7}
\BOOKMARK [2][-]{subsection..7.5}{Miscellaneous}{section..7}
\BOOKMARK [2][-]{subsection..7.6}{Text}{section..7}
\BOOKMARK [0][-]{appendix*.4}{Extended Examples}{part.6}
