1                                                          The SAS System                             20:12 Thursday, March 11, 2004

NOTE: Copyright (c) 2002-2003 by SAS Institute Inc., Cary, NC, USA. 
NOTE: SAS (r) 9.2 (TS02.02B0D02102004)
      Licensed to SAS Institute Inc., Site 0000000001.
NOTE: This session is executing on the FreeBSD 4.8-PRERELEASE platform.



NOTE: SAS initialization used:
      real time           2.77 seconds
      cpu time            0.13 seconds
      
1          proc template;
2          
3              Define tagset tagsets.SSV;
4          
5                  parent=tagsets.csv;
6          
7                  define event header;
8                      start:
9                          put ';' / if !cmp(COLSTART, "1");
10                         put '"';
11                         put VALUE;
12                     finish:
13                         put '"';
14                 end;
15         
16                 define event data;
17                     start:
18                         put ';' / if !cmp(COLSTART, "1");
19                         put '"';
20                         put VALUE;
21                     finish:
22                         put '"';
23                 end;
24         
25                 define event colspanfill;
26                     put ';';
27                 end;
28         
29                 define event rowspanfill;
30                     put ';' /if ! exists(VALUE);
31                 end;
32         
33              end;
NOTE: TAGSET 'Tagsets.Ssv' has been saved to: SASUSER.TEMPLAT
34         run;
NOTE: PROCEDURE TEMPLATE used (Total process time):
      real time           1.03 seconds
      cpu time            0.13 seconds
      

35         
36         options obs=3;
37         ods tagsets.ssv file='test.ssv';
NOTE: Writing TAGSETS.SSV Body file: test.ssv
38         proc print data=sashelp.class;run;

NOTE: There were 3 observations read from the data set SASHELP.CLASS.
2                                                          The SAS System                             20:12 Thursday, March 11, 2004

NOTE: The PROCEDURE PRINT printed page 1.
NOTE: PROCEDURE PRINT used (Total process time):
      real time           0.55 seconds
      cpu time            0.03 seconds
      

39         ods tagsets.ssv close;
NOTE: SAS Institute Inc., SAS Campus Drive, Cary, NC USA 27513-2414
NOTE: The SAS System used:
      real time           5.15 seconds
      cpu time            0.41 seconds
      
